2026-02-07 19:28:22,897 - cam2 VEHICLE #1 Plate:MH16CD4299
2026-02-07 19:34:28,755 - cam2 VEHICLE #2 Plate:MH15JW4220
2026-02-07 19:35:30,655 - cam2 VEHICLE #3 Plate:MH15HH3596
2026-02-07 19:39:48,382 - cam2 VEHICLE #4 Plate:MH17BY9029
2026-02-07 19:48:32,246 - cam2 VEHICLE #5 Plate:MH15HH3594
2026-02-07 19:49:48,209 - cam2 VEHICLE #6 Plate:MH15HH1737
2026-02-07 19:55:08,450 - cam2 VEHICLE #7 Plate:MH15HH1739
2026-02-07 19:57:52,396 - cam2 VEHICLE #8 Plate:MH15HH1738
2026-02-07 20:00:34,271 - cam2 VEHICLE #9 Plate:MH15HH3596
2026-02-07 20:05:55,595 - cam2 VEHICLE #10 Plate:P30
2026-02-07 20:06:16,379 - cam2 VEHICLE #11 Plate:KH1535J
2026-02-07 20:19:58,580 - cam2 VEHICLE #12 Plate:701
2026-02-07 20:26:56,936 - cam2 VEHICLE #13 Plate:MM17DK9099
2026-02-07 20:32:29,855 - cam2 VEHICLE #14 Plate:M15CK3343
2026-02-07 20:41:16,733 - cam2 VEHICLE #15 Plate:LB3363
2026-02-07 20:43:36,640 - cam2 VEHICLE #16 Plate:A133A36
2026-02-07 20:44:34,123 - cam2 VEHICLE #17 Plate:MK16AA6563
2026-02-07 20:50:25,164 - cam2 VEHICLE #18 Plate:H48AG455BH
2026-02-07 20:54:46,379 - cam2 VEHICLE #19 Plate:5297
2026-02-07 20:54:57,416 - cam2 VEHICLE #20 Plate:5281
2026-02-07 20:58:37,030 - cam2 VEHICLE #21 Plate:AAJ6
2026-02-07 21:08:30,498 - cam2 VEHICLE #22 Plate:92N
2026-02-07 21:15:53,705 - cam2 VEHICLE #23 Plate:MH15GV5517
2026-02-07 21:19:21,816 - cam2 VEHICLE #24 Plate:BJY0
2026-02-07 21:21:10,063 - cam2 VEHICLE #25 Plate:5K06563
2026-02-07 21:22:12,290 - cam2 VEHICLE #26 Plate:MH15
2026-02-07 21:22:51,048 - cam2 VEHICLE #27 Plate:
2026-02-07 21:23:43,425 - cam2 VEHICLE #28 Plate:H15
2026-02-07 21:27:02,622 - cam2 VEHICLE #29 Plate:
2026-02-07 21:29:55,944 - cam2 VEHICLE #30 Plate:MH16V8808
2026-02-07 21:35:31,323 - cam2 VEHICLE #31 Plate:HH8H
2026-02-07 21:38:25,035 - cam2 VEHICLE #32 Plate:6563
2026-02-07 21:40:01,155 - cam2 VEHICLE #33 Plate:CKCJ4
2026-02-07 21:46:06,836 - cam2 VEHICLE #34 Plate:UNAKCL861
2026-02-07 21:47:23,665 - cam2 VEHICLE #35 Plate:R46CL96
2026-02-07 21:50:34,335 - cam2 VEHICLE #36 Plate:991
2026-02-07 21:55:31,816 - cam2 VEHICLE #37 Plate:MH15HH1737
2026-02-07 22:12:46,742 - cam2 VEHICLE #38 Plate:MH15GV8807
2026-02-07 22:16:55,344 - cam2 VEHICLE #39 Plate:MH15EG2117
2026-02-07 22:21:30,256 - cam2 VEHICLE #40 Plate:KM15HH1708
2026-02-07 22:26:05,047 - cam2 VEHICLE #41 Plate:A19
2026-02-07 22:32:00,349 - cam2 VEHICLE #42 Plate:MH15HH3596
2026-02-07 22:32:37,481 - cam2 VEHICLE #43 Plate:MTME03343
2026-02-07 22:44:41,660 - cam2 VEHICLE #44 Plate:MH15HH3594
2026-02-07 22:53:24,143 - cam2 VEHICLE #45 Plate:MH15FV9318
2026-02-07 22:59:10,108 - cam2 VEHICLE #46 Plate:MH17BY9396
2026-02-07 23:10:28,737 - cam2 VEHICLE #47 Plate:179
2026-02-07 23:49:34,166 - cam2 VEHICLE #48 Plate:MH15HH1737
2026-02-07 23:59:10,379 - cam2 VEHICLE #49 Plate:HA8AG455
2026-02-08 00:03:52,262 - cam2 VEHICLE #50 Plate:WK15A64729
2026-02-08 00:26:14,274 - cam2 VEHICLE #51 Plate:MH15HH3596
2026-02-08 00:28:58,682 - cam2 VEHICLE #52 Plate:6563
2026-02-08 00:32:11,598 - cam2 VEHICLE #53 Plate:7031
2026-02-08 00:50:50,713 - cam2 VEHICLE #54 Plate:MH15HH138
2026-02-08 01:16:55,318 - cam2 VEHICLE #55 Plate:H15EN2453
2026-02-08 01:49:05,263 - cam2 VEHICLE #56 Plate:A46
2026-02-08 01:53:58,754 - cam2 VEHICLE #57 Plate:MH55AA666
2026-02-08 01:57:55,819 - cam2 VEHICLE #58 Plate:MH16AY2284
2026-02-08 02:03:27,708 - cam2 VEHICLE #59 Plate:MH15FV8808
2026-02-08 02:06:35,466 - cam2 VEHICLE #60 Plate:CI121
2026-02-08 02:08:28,503 - cam2 VEHICLE #61 Plate:41E
2026-02-08 02:13:58,157 - cam2 VEHICLE #62 Plate:MH15HH3594
2026-02-08 02:21:31,020 - cam2 VEHICLE #63 Plate:2C1PT
2026-02-08 02:27:02,021 - cam2 VEHICLE #64 Plate:X91
2026-02-08 02:32:15,550 - cam2 VEHICLE #65 Plate:MH15AW7232
2026-02-08 02:36:10,070 - cam2 VEHICLE #66 Plate:KH15HH1737
2026-02-08 02:39:05,511 - cam2 VEHICLE #67 Plate:6563
2026-02-08 02:43:16,842 - cam2 VEHICLE #68 Plate:7021
2026-02-08 02:46:04,840 - cam2 VEHICLE #69 Plate:TNRU5C3343
2026-02-08 02:50:40,544 - cam2 VEHICLE #70 Plate:H48AG455
2026-02-08 02:53:01,430 - cam2 VEHICLE #71 Plate:N66563
2026-02-08 02:57:59,191 - cam2 VEHICLE #72 Plate:MH15HH3596
2026-02-08 03:13:59,766 - cam2 VEHICLE #73 Plate:BA17B49099
2026-02-08 03:29:08,837 - cam2 VEHICLE #74 Plate:MH15HH1738
2026-02-08 03:45:06,510 - cam2 VEHICLE #75 Plate:KH15WH1739
2026-02-08 03:52:06,835 - cam2 VEHICLE #76 Plate:KH15HH1739
2026-02-08 04:08:04,945 - cam2 VEHICLE #77 Plate:MH15HH3596
2026-02-08 04:08:12,058 - cam2 VEHICLE #78 Plate:MH15HH3596
2026-02-08 04:23:05,846 - cam2 VEHICLE #79 Plate:6563
2026-02-08 04:25:49,977 - cam2 VEHICLE #80 Plate:MH15FV9318
2026-02-08 04:28:33,257 - cam2 VEHICLE #81 Plate:S841
2026-02-08 04:29:41,796 - cam2 VEHICLE #82 Plate:MHM5CK3343
2026-02-08 04:32:30,309 - cam2 VEHICLE #83 Plate:1L2
2026-02-08 04:36:06,467 - cam2 VEHICLE #84 Plate:MH15HH1738
2026-02-08 04:38:49,351 - cam2 VEHICLE #85 Plate:VM16AA6563
2026-02-08 04:45:01,660 - cam2 VEHICLE #86 Plate:MH15JW4220
2026-02-08 05:08:53,765 - cam2 VEHICLE #87 Plate:MH16CD3792
2026-02-08 05:11:53,573 - cam2 VEHICLE #88 Plate:KH15HH1739
2026-02-08 05:16:11,557 - cam2 VEHICLE #89 Plate:C97
2026-02-08 05:24:14,677 - cam2 VEHICLE #90 Plate:4E7
2026-02-08 06:33:28,642 - cam2 VEHICLE #91 Plate:LYLANQ
2026-02-08 07:51:09,927 - cam2 VEHICLE #92 Plate:BHA6FV0010
2026-02-08 08:11:04,043 - cam2 VEHICLE #93 Plate:13F
2026-02-08 08:26:55,952 - cam2 VEHICLE #94 Plate:H15FV9310
2026-02-08 11:16:45,207 - cam2 VEHICLE #95 Plate:MH15EV9310
