2026-02-07 19:28:23,083 - cam1 VEHICLE #1 Plate:MH16CD4299
2026-02-07 19:34:29,085 - cam1 VEHICLE #2 Plate:MH15JH4220
2026-02-07 19:35:31,265 - cam1 VEHICLE #3 Plate:MH15HH3596
2026-02-07 19:39:49,201 - cam1 VEHICLE #4 Plate:MH17BY9029
2026-02-07 19:48:32,704 - cam1 VEHICLE #5 Plate:MH15HH3594
2026-02-07 19:51:15,535 - cam1 VEHICLE #6 Plate:MH15HH1737
2026-02-07 19:55:08,361 - cam1 VEHICLE #7 Plate:MH1SHH1739
2026-02-07 19:55:11,132 - cam1 VEHICLE #8 Plate:NR0010784
2026-02-07 19:57:52,316 - cam1 VEHICLE #9 Plate:MH1SHH1738
2026-02-07 20:00:35,374 - cam1 VEHICLE #10 Plate:MH1SHH3596
2026-02-07 20:04:12,521 - cam1 VEHICLE #11 Plate:K353
2026-02-07 20:06:15,710 - cam1 VEHICLE #12 Plate:KA5353
2026-02-07 20:21:52,376 - cam1 VEHICLE #13 Plate:7021
2026-02-07 20:26:56,956 - cam1 VEHICLE #14 Plate:NA17DB9099
2026-02-07 20:32:33,237 - cam1 VEHICLE #15 Plate:K23343
2026-02-07 20:44:34,734 - cam1 VEHICLE #16 Plate:MH15AA6563
2026-02-07 20:52:58,510 - cam1 VEHICLE #17 Plate:MH48AG4556
2026-02-07 20:54:57,144 - cam1 VEHICLE #18 Plate:NU5L
2026-02-07 21:15:53,646 - cam1 VEHICLE #19 Plate:MH15GY5517
2026-02-07 21:19:25,542 - cam1 VEHICLE #20 Plate:MH15M6563
2026-02-07 21:19:28,603 - cam1 VEHICLE #21 Plate:MH15JT6563
2026-02-07 21:21:10,137 - cam1 VEHICLE #22 Plate:MH15HD6663
2026-02-07 21:23:43,342 - cam1 VEHICLE #23 Plate:T1H15
2026-02-07 21:27:02,878 - cam1 VEHICLE #24 Plate:
2026-02-07 21:29:56,212 - cam1 VEHICLE #25 Plate:MH15FV8806
2026-02-07 21:35:31,483 - cam1 VEHICLE #26 Plate:MH15FV7453
2026-02-07 21:47:24,886 - cam1 VEHICLE #27 Plate:MH46CL96
2026-02-07 21:52:12,511 - cam1 VEHICLE #28 Plate:R115H0803
2026-02-07 21:55:32,387 - cam1 VEHICLE #29 Plate:MH15HH1737
2026-02-07 22:12:46,884 - cam1 VEHICLE #30 Plate:MH15GV8807
2026-02-07 22:16:55,587 - cam1 VEHICLE #31 Plate:MH15EG2117
2026-02-07 22:21:30,666 - cam1 VEHICLE #32 Plate:MH15HH1738
2026-02-07 22:26:05,141 - cam1 VEHICLE #33 Plate:HK72AN3
2026-02-07 22:32:01,159 - cam1 VEHICLE #34 Plate:MH1SHH3596
2026-02-07 22:32:39,470 - cam1 VEHICLE #35 Plate:TN15A3343
2026-02-07 22:44:42,018 - cam1 VEHICLE #36 Plate:MH15HH3594
2026-02-07 22:53:21,953 - cam1 VEHICLE #37 Plate:MH15FV9318
2026-02-07 22:59:14,865 - cam1 VEHICLE #38 Plate:AA2AA4444
2026-02-07 23:49:35,274 - cam1 VEHICLE #39 Plate:MH15HH1737
2026-02-07 23:59:10,923 - cam1 VEHICLE #40 Plate:MH48AG455983
2026-02-08 00:03:53,091 - cam1 VEHICLE #41 Plate:MH15DT4220
2026-02-08 00:26:14,504 - cam1 VEHICLE #42 Plate:MH15HH3596
2026-02-08 00:28:59,487 - cam1 VEHICLE #43 Plate:5C6563
2026-02-08 00:32:11,647 - cam1 VEHICLE #44 Plate:7031
2026-02-08 00:50:51,283 - cam1 VEHICLE #45 Plate:MH15HH1738
2026-02-08 01:16:55,778 - cam1 VEHICLE #46 Plate:MH15FV7453
2026-02-08 01:50:18,062 - cam1 VEHICLE #47 Plate:MH1SHH1739
2026-02-08 01:53:59,359 - cam1 VEHICLE #48 Plate:MH15AA6563
2026-02-08 01:54:33,927 - cam1 VEHICLE #49 Plate:M6D2284
2026-02-08 02:03:23,990 - cam1 VEHICLE #50 Plate:MH15FV8806
2026-02-08 02:08:28,910 - cam1 VEHICLE #51 Plate:D15ANAU
2026-02-08 02:14:02,332 - cam1 VEHICLE #52 Plate:MH15HH3594
2026-02-08 02:21:31,294 - cam1 VEHICLE #53 Plate:JTA7
2026-02-08 02:27:03,871 - cam1 VEHICLE #54 Plate:TN35MR8216
2026-02-08 02:32:16,262 - cam1 VEHICLE #55 Plate:MH15JW7232
2026-02-08 02:36:10,435 - cam1 VEHICLE #56 Plate:MH1SHH1737
2026-02-08 02:39:05,829 - cam1 VEHICLE #57 Plate:6563
2026-02-08 02:46:07,540 - cam1 VEHICLE #58 Plate:U5013343
2026-02-08 02:50:41,295 - cam1 VEHICLE #59 Plate:MH48AG4559
2026-02-08 02:53:01,344 - cam1 VEHICLE #60 Plate:6563
2026-02-08 02:53:04,133 - cam1 VEHICLE #61 Plate:
2026-02-08 02:57:59,289 - cam1 VEHICLE #62 Plate:MH15HH3596
2026-02-08 03:29:08,791 - cam1 VEHICLE #63 Plate:MH15HH1738
2026-02-08 03:52:06,954 - cam1 VEHICLE #64 Plate:MH1SHH1739
2026-02-08 03:52:11,816 - cam1 VEHICLE #65 Plate:
2026-02-08 04:08:12,354 - cam1 VEHICLE #66 Plate:MH1SHH3596
2026-02-08 04:20:00,049 - cam1 VEHICLE #67 Plate:6553
2026-02-08 04:25:50,255 - cam1 VEHICLE #68 Plate:MH15FV9318
2026-02-08 04:29:44,156 - cam1 VEHICLE #69 Plate:TN503343
2026-02-08 04:32:30,524 - cam1 VEHICLE #70 Plate:TN5HR3216
2026-02-08 04:36:06,501 - cam1 VEHICLE #71 Plate:MH1SHH1738
2026-02-08 04:38:49,404 - cam1 VEHICLE #72 Plate:MH15AA6563
2026-02-08 04:45:02,153 - cam1 VEHICLE #73 Plate:MH15M4220
2026-02-08 05:08:54,185 - cam1 VEHICLE #74 Plate:MH16CQ3792
2026-02-08 05:11:54,314 - cam1 VEHICLE #75 Plate:MH1SHH1739
2026-02-08 05:16:11,902 - cam1 VEHICLE #76 Plate:P4U5
2026-02-08 05:24:15,010 - cam1 VEHICLE #77 Plate:C7UT3
2026-02-08 06:33:28,909 - cam1 VEHICLE #78 Plate:TT5T
2026-02-08 07:51:10,036 - cam1 VEHICLE #79 Plate:MH15FV9318
2026-02-08 08:11:04,254 - cam1 VEHICLE #80 Plate:HA6FV0518
2026-02-08 11:16:45,525 - cam1 VEHICLE #81 Plate:MH15FV9310
